<?xml version="1.0" encoding="utf-8"?><testsuites name="pytest tests"><testsuite name="pytest" errors="0" failures="0" skipped="0" tests="11" time="7.156" timestamp="2026-09-13T12:41:59.755751+00:00" hostname="agent-env-6cbf74f7-2b25-4dae-b32f-2cf127eff030"><testcase classname="tests.test_security_iter3" name="test_admin_login_still_works" time="0.486" /><testcase classname="tests.test_security_iter3" name="test_csv_upload_without_xrw_returns_403" time="0.301" /><testcase classname="tests.test_security_iter3" name="test_csv_upload_with_xrw_ok" time="0.334" /><testcase classname="tests.test_security_iter3" name="test_csv_upload_non_csv_extension_returns_400" time="0.164" /><testcase classname="tests.test_security_iter3" name="test_csv_upload_over_5mb_returns_413" time="0.476" /><testcase classname="tests.test_security_iter3" name="test_csv_commit_over_5000_rows_returns_413" time="0.260" /><testcase classname="tests.test_security_iter3" name="test_csv_commit_small_ok_and_cleanup" time="0.119" /><testcase classname="tests.test_security_iter3" name="test_share_id_is_32_char_hex" time="3.155" /><testcase classname="tests.test_security_iter3" name="test_shared_report_no_auth_whitelisted_only" time="0.146" /><testcase classname="tests.test_security_iter3" name="test_second_user_cannot_see_admin_data" time="0.612" /><testcase classname="tests.test_security_iter3" name="test_zzz_cleanup" time="0.087" /></testsuite></testsuites>