<?xml version="1.0" encoding="utf-8"?><testsuites name="pytest tests"><testsuite name="pytest" errors="0" failures="0" skipped="0" tests="19" time="12.796" timestamp="2026-09-13T09:53:54.096755+00:00" hostname="agent-env-6cbf74f7-2b25-4dae-b32f-2cf127eff030"><testcase classname="tests.backend_test.TestAuth" name="test_login_admin" time="0.720" /><testcase classname="tests.backend_test.TestAnalytics" name="test_overview_admin" time="0.787" /><testcase classname="tests.backend_test.TestAuth" name="test_login_wrong_password" time="0.348" /><testcase classname="tests.backend_test.TestAnalytics" name="test_releases_list" time="0.274" /><testcase classname="tests.backend_test.TestAnalytics" name="test_release_timeseries" time="0.123" /><testcase classname="tests.backend_test.TestAuth" name="test_me_unauthenticated" time="0.114" /><testcase classname="tests.backend_test.TestAnalytics" name="test_release_race_day_alignment" time="0.340" /><testcase classname="tests.backend_test.TestAuth" name="test_register_creates_workspace" time="0.442" /><testcase classname="tests.backend_test.TestAuth" name="test_register_duplicate" time="0.247" /><testcase classname="tests.backend_test.TestAuth" name="test_logout" time="0.403" /><testcase classname="tests.backend_test.TestIsolation" name="test_new_user_cannot_see_admin_profile" time="0.684" /><testcase classname="tests.backend_test.TestIsolation" name="test_new_user_cannot_get_admin_release" time="0.129" /><testcase classname="tests.backend_test.TestReleases" name="test_create_release" time="0.238" /><testcase classname="tests.backend_test.TestAI" name="test_ai_insights" time="3.618" /><testcase classname="tests.backend_test.TestConnections" name="test_list_and_create_connection" time="0.190" /><testcase classname="tests.backend_test.TestCSV" name="test_csv_upload_and_commit" time="0.334" /><testcase classname="tests.backend_test.TestDemoSeed" name="test_demo_seed_for_new_user" time="0.213" /><testcase classname="tests.backend_test.TestAI" name="test_ai_ask" time="1.569" /><testcase classname="tests.backend_test.TestReports" name="test_create_and_share_report" time="4.776" /></testsuite></testsuites>